<?xml version="1.0" encoding="utf-8"?><testsuites name="pytest tests"><testsuite name="pytest" errors="0" failures="0" skipped="0" tests="19" time="8.902" timestamp="2026-07-02T12:52:41.630620+00:00" hostname="agent-env-a1c12185-567e-468a-9d29-08372d3747e5"><testcase classname="tests.test_hours_ledger" name="test_root_health" time="1.018" /><testcase classname="tests.test_hours_ledger" name="test_list_projects_returns_list" time="0.065" /><testcase classname="tests.test_hours_ledger" name="test_create_project_and_get" time="0.123" /><testcase classname="tests.test_hours_ledger" name="test_get_project_not_found" time="0.769" /><testcase classname="tests.test_hours_ledger" name="test_update_project_and_persist" time="0.862" /><testcase classname="tests.test_hours_ledger" name="test_update_project_no_fields" time="1.354" /><testcase classname="tests.test_hours_ledger" name="test_update_project_not_found" time="0.065" /><testcase classname="tests.test_hours_ledger" name="test_create_entry_and_total_hours" time="0.411" /><testcase classname="tests.test_hours_ledger" name="test_create_entry_for_missing_project" time="0.400" /><testcase classname="tests.test_hours_ledger" name="test_update_entry_persists" time="0.396" /><testcase classname="tests.test_hours_ledger" name="test_update_entry_not_found" time="0.058" /><testcase classname="tests.test_hours_ledger" name="test_delete_entry_and_verify" time="0.376" /><testcase classname="tests.test_hours_ledger" name="test_delete_project_cascades_entries" time="0.345" /><testcase classname="tests.test_hours_ledger" name="test_delete_project_not_found" time="0.063" /><testcase classname="tests.test_hours_ledger" name="test_stats_structure_and_this_week" time="0.408" /><testcase classname="tests.test_hours_ledger" name="test_share_token_get_and_stable" time="0.121" /><testcase classname="tests.test_hours_ledger" name="test_share_shared_view_returns_projects" time="0.158" /><testcase classname="tests.test_hours_ledger" name="test_share_invalid_token" time="0.065" /><testcase classname="tests.test_hours_ledger" name="test_share_rotate_invalidates_old" time="1.201" /></testsuite></testsuites>