<?xml version="1.0" encoding="utf-8"?><testsuites name="pytest tests"><testsuite name="pytest" errors="0" failures="0" skipped="0" tests="19" time="6.138" timestamp="2026-07-02T12:41:10.223423+00:00" hostname="agent-env-a1c12185-567e-468a-9d29-08372d3747e5"><testcase classname="tests.test_hours_ledger" name="test_root_health" time="0.290" /><testcase classname="tests.test_hours_ledger" name="test_list_projects_returns_list" time="0.068" /><testcase classname="tests.test_hours_ledger" name="test_create_project_and_get" time="0.132" /><testcase classname="tests.test_hours_ledger" name="test_get_project_not_found" time="0.059" /><testcase classname="tests.test_hours_ledger" name="test_update_project_and_persist" time="0.196" /><testcase classname="tests.test_hours_ledger" name="test_update_project_no_fields" time="0.119" /><testcase classname="tests.test_hours_ledger" name="test_update_project_not_found" time="0.058" /><testcase classname="tests.test_hours_ledger" name="test_create_entry_and_total_hours" time="0.302" /><testcase classname="tests.test_hours_ledger" name="test_create_entry_for_missing_project" time="0.058" /><testcase classname="tests.test_hours_ledger" name="test_update_entry_persists" time="0.272" /><testcase classname="tests.test_hours_ledger" name="test_update_entry_not_found" time="0.064" /><testcase classname="tests.test_hours_ledger" name="test_delete_entry_and_verify" time="0.241" /><testcase classname="tests.test_hours_ledger" name="test_delete_project_cascades_entries" time="0.299" /><testcase classname="tests.test_hours_ledger" name="test_delete_project_not_found" time="0.063" /><testcase classname="tests.test_hours_ledger" name="test_stats_structure_and_this_week" time="0.247" /><testcase classname="tests.test_hours_ledger" name="test_share_token_get_and_stable" time="0.118" /><testcase classname="tests.test_hours_ledger" name="test_share_shared_view_returns_projects" time="0.121" /><testcase classname="tests.test_hours_ledger" name="test_share_invalid_token" time="0.060" /><testcase classname="tests.test_hours_ledger" name="test_share_rotate_invalidates_old" time="2.735" /></testsuite></testsuites>